<?xml version="1.0" encoding="UTF-8"?>
<testsuite name="com.gg.Test_App2.TestApp2ApplicationTests" tests="1" skipped="0" failures="0" errors="0" timestamp="2023-10-11T16:00:11" hostname="MacBookAir.local" time="0.109">
  <properties/>
  <testcase name="contextLoads()" classname="com.gg.Test_App2.TestApp2ApplicationTests" time="0.109"/>
  <system-out><![CDATA[01:00:10.214 [Test worker] DEBUG org.springframework.test.context.BootstrapUtils - Instantiating CacheAwareContextLoaderDelegate from class [org.springframework.test.context.cache.DefaultCacheAwareContextLoaderDelegate]
01:00:10.220 [Test worker] DEBUG org.springframework.test.context.BootstrapUtils - Instantiating BootstrapContext using constructor [public org.springframework.test.context.support.DefaultBootstrapContext(java.lang.Class,org.springframework.test.context.CacheAwareContextLoaderDelegate)]
01:00:10.239 [Test worker] DEBUG org.springframework.test.context.BootstrapUtils - Instantiating TestContextBootstrapper for test class [com.gg.Test_App2.TestApp2ApplicationTests] from class [org.springframework.boot.test.context.SpringBootTestContextBootstrapper]
01:00:10.245 [Test worker] INFO org.springframework.boot.test.context.SpringBootTestContextBootstrapper - Neither @ContextConfiguration nor @ContextHierarchy found for test class [com.gg.Test_App2.TestApp2ApplicationTests], using SpringBootContextLoader
01:00:10.247 [Test worker] DEBUG org.springframework.test.context.support.AbstractContextLoader - Did not detect default resource location for test class [com.gg.Test_App2.TestApp2ApplicationTests]: class path resource [com/gg/Test_App2/TestApp2ApplicationTests-context.xml] does not exist
01:00:10.247 [Test worker] DEBUG org.springframework.test.context.support.AbstractContextLoader - Did not detect default resource location for test class [com.gg.Test_App2.TestApp2ApplicationTests]: class path resource [com/gg/Test_App2/TestApp2ApplicationTestsContext.groovy] does not exist
01:00:10.247 [Test worker] INFO org.springframework.test.context.support.AbstractContextLoader - Could not detect default resource locations for test class [com.gg.Test_App2.TestApp2ApplicationTests]: no resource found for suffixes {-context.xml, Context.groovy}.
01:00:10.247 [Test worker] INFO org.springframework.test.context.support.AnnotationConfigContextLoaderUtils - Could not detect default configuration classes for test class [com.gg.Test_App2.TestApp2ApplicationTests]: TestApp2ApplicationTests does not declare any static, non-private, non-final, nested classes annotated with @Configuration.
01:00:10.268 [Test worker] DEBUG org.springframework.test.context.support.ActiveProfilesUtils - Could not find an 'annotation declaring class' for annotation type [org.springframework.test.context.ActiveProfiles] and class [com.gg.Test_App2.TestApp2ApplicationTests]
01:00:10.306 [Test worker] DEBUG org.springframework.context.annotation.ClassPathScanningCandidateComponentProvider - Identified candidate component class: file [/Users/pms327/Downloads/sanhak/server_code/Test_App2/build/classes/java/main/com/gg/TestApp2Application.class]
01:00:10.307 [Test worker] INFO org.springframework.boot.test.context.SpringBootTestContextBootstrapper - Found @SpringBootConfiguration com.gg.TestApp2Application for test class com.gg.Test_App2.TestApp2ApplicationTests
01:00:10.354 [Test worker] DEBUG org.springframework.boot.test.context.SpringBootTestContextBootstrapper - @TestExecutionListeners is not present for class [com.gg.Test_App2.TestApp2ApplicationTests]: using defaults.
01:00:10.354 [Test worker] INFO org.springframework.boot.test.context.SpringBootTestContextBootstrapper - Loaded default TestExecutionListener class names from location [META-INF/spring.factories]: [org.springframework.boot.test.autoconfigure.restdocs.RestDocsTestExecutionListener, org.springframework.boot.test.autoconfigure.web.client.MockRestServiceServerResetTestExecutionListener, org.springframework.boot.test.autoconfigure.web.servlet.MockMvcPrintOnlyOnFailureTestExecutionListener, org.springframework.boot.test.autoconfigure.web.servlet.WebDriverTestExecutionListener, org.springframework.boot.test.autoconfigure.webservices.client.MockWebServiceServerTestExecutionListener, org.springframework.boot.test.mock.mockito.MockitoTestExecutionListener, org.springframework.boot.test.mock.mockito.ResetMocksTestExecutionListener, org.springframework.test.context.web.ServletTestExecutionListener, org.springframework.test.context.support.DirtiesContextBeforeModesTestExecutionListener, org.springframework.test.context.event.ApplicationEventsTestExecutionListener, org.springframework.test.context.support.DependencyInjectionTestExecutionListener, org.springframework.test.context.support.DirtiesContextTestExecutionListener, org.springframework.test.context.transaction.TransactionalTestExecutionListener, org.springframework.test.context.jdbc.SqlScriptsTestExecutionListener, org.springframework.test.context.event.EventPublishingTestExecutionListener]
01:00:10.363 [Test worker] INFO org.springframework.boot.test.context.SpringBootTestContextBootstrapper - Using TestExecutionListeners: [org.springframework.test.context.web.ServletTestExecutionListener@8ec0ccb, org.springframework.test.context.support.DirtiesContextBeforeModesTestExecutionListener@5083f162, org.springframework.test.context.event.ApplicationEventsTestExecutionListener@7e9e4309, org.springframework.boot.test.mock.mockito.MockitoTestExecutionListener@67ac5d4b, org.springframework.boot.test.autoconfigure.SpringBootDependencyInjectionTestExecutionListener@fce8f21, org.springframework.test.context.support.DirtiesContextTestExecutionListener@4089775b, org.springframework.test.context.transaction.TransactionalTestExecutionListener@4c03e248, org.springframework.test.context.jdbc.SqlScriptsTestExecutionListener@4940b886, org.springframework.test.context.event.EventPublishingTestExecutionListener@320c9108, org.springframework.boot.test.autoconfigure.restdocs.RestDocsTestExecutionListener@39b40bbd, org.springframework.boot.test.autoconfigure.web.client.MockRestServiceServerResetTestExecutionListener@6a76af61, org.springframework.boot.test.autoconfigure.web.servlet.MockMvcPrintOnlyOnFailureTestExecutionListener@263eae21, org.springframework.boot.test.autoconfigure.web.servlet.WebDriverTestExecutionListener@70ecef3f, org.springframework.boot.test.autoconfigure.webservices.client.MockWebServiceServerTestExecutionListener@691cfb7c, org.springframework.boot.test.mock.mockito.ResetMocksTestExecutionListener@36ce4c99]
01:00:10.365 [Test worker] DEBUG org.springframework.test.context.support.AbstractDirtiesContextTestExecutionListener - Before test class: context [DefaultTestContext@da1fce6 testClass = TestApp2ApplicationTests, testInstance = [null], testMethod = [null], testException = [null], mergedContextConfiguration = [WebMergedContextConfiguration@5527f1f testClass = TestApp2ApplicationTests, locations = '{}', classes = '{class com.gg.TestApp2Application}', contextInitializerClasses = '[]', activeProfiles = '{}', propertySourceLocations = '{}', propertySourceProperties = '{org.springframework.boot.test.context.SpringBootTestContextBootstrapper=true}', contextCustomizers = set[org.springframework.boot.test.autoconfigure.actuate.metrics.MetricsExportContextCustomizerFactory$DisableMetricExportContextCustomizer@45506bf2, org.springframework.boot.test.autoconfigure.properties.PropertyMappingContextCustomizer@0, org.springframework.boot.test.autoconfigure.web.servlet.WebDriverContextCustomizerFactory$Customizer@35d0ece6, org.springframework.boot.test.context.filter.ExcludeFilterContextCustomizer@4135a011, org.springframework.boot.test.json.DuplicateJsonObjectContextCustomizerFactory$DuplicateJsonObjectContextCustomizer@47d6d38e, org.springframework.boot.test.mock.mockito.MockitoContextCustomizer@0, org.springframework.boot.test.web.client.TestRestTemplateContextCustomizer@c5895d8, org.springframework.boot.test.context.SpringBootTestArgs@1, org.springframework.boot.test.context.SpringBootTestWebEnvironment@7ce0eaba], resourceBasePath = 'src/main/webapp', contextLoader = 'org.springframework.boot.test.context.SpringBootContextLoader', parent = [null]], attributes = map['org.springframework.test.context.web.ServletTestExecutionListener.activateListener' -> true]], class annotated with @DirtiesContext [false] with mode [null].
01:00:10.380 [Test worker] DEBUG org.springframework.test.context.support.TestPropertySourceUtils - Adding inlined properties to environment: {spring.jmx.enabled=false, org.springframework.boot.test.context.SpringBootTestContextBootstrapper=true}

  .   ____          _            __ _ _
 /\\ / ___'_ __ _ _(_)_ __  __ _ \ \ \ \
( ( )\___ | '_ | '_| | '_ \/ _` | \ \ \ \
 \\/  ___)| |_)| | | | | || (_| |  ) ) ) )
  '  |____| .__|_| |_|_| |_\__, | / / / /
 =========|_|==============|___/=/_/_/_/
 :: Spring Boot ::                (v2.5.4)

2023-10-12 01:00:10.726  INFO 96079 --- [    Test worker] c.gg.Test_App2.TestApp2ApplicationTests  : Starting TestApp2ApplicationTests using Java 1.8.0_382 on MacBookAir.local with PID 96079 (started by pms327 in /Users/pms327/Downloads/sanhak/server_code/Test_App2)
2023-10-12 01:00:10.727  INFO 96079 --- [    Test worker] c.gg.Test_App2.TestApp2ApplicationTests  : No active profile set, falling back to default profiles: default
2023-10-12 01:00:11.096  WARN 96079 --- [    Test worker] o.m.s.mapper.ClassPathMapperScanner      : No MyBatis mapper was found in '[com.gg]' package. Please check your configuration.
2023-10-12 01:00:11.770  INFO 96079 --- [    Test worker] o.s.b.a.w.s.WelcomePageHandlerMapping    : Adding welcome page: class path resource [static/index.html]
2023-10-12 01:00:11.899  INFO 96079 --- [    Test worker] c.gg.Test_App2.TestApp2ApplicationTests  : Started TestApp2ApplicationTests in 1.516 seconds (JVM running for 2.085)
]]></system-out>
  <system-err><![CDATA[]]></system-err>
</testsuite>
